2026-02-27 20:53:46,306 - INFO - Load pretrained SentenceTransformer: sentence-transformers/all-MiniLM-L6-v2
2026-02-27 20:53:47,806 - INFO - Anonymized telemetry enabled. See                     https://docs.trychroma.com/telemetry for more information.
2026-02-27 20:53:48,381 - INFO - Found total 67 unique pages to ingest.
2026-02-27 20:53:48,381 - INFO - Ingesting FeatureScript: https://cad.onshape.com/FsDoc/annotations.html
2026-02-27 20:53:49,149 - INFO - Indexed 2 chunks from https://cad.onshape.com/FsDoc/annotations.html
2026-02-27 20:53:49,150 - INFO - Ingesting FeatureScript: https://cad.onshape.com/FsDoc/computed-part-properties.html
2026-02-27 20:53:49,652 - INFO - Indexed 8 chunks from https://cad.onshape.com/FsDoc/computed-part-properties.html
2026-02-27 20:53:49,652 - INFO - Ingesting FeatureScript: https://cad.onshape.com/FsDoc/debugging-in-feature-studios.html
2026-02-27 20:53:50,033 - INFO - Indexed 12 chunks from https://cad.onshape.com/FsDoc/debugging-in-feature-studios.html
2026-02-27 20:53:50,033 - INFO - Ingesting FeatureScript: https://cad.onshape.com/FsDoc/exceptions.html
2026-02-27 20:53:50,465 - INFO - Indexed 4 chunks from https://cad.onshape.com/FsDoc/exceptions.html
2026-02-27 20:53:50,465 - INFO - Ingesting FeatureScript: https://cad.onshape.com/FsDoc/feature-types.html
2026-02-27 20:53:50,628 - INFO - Indexed 3 chunks from https://cad.onshape.com/FsDoc/feature-types.html
2026-02-27 20:53:50,628 - INFO - Ingesting FeatureScript: https://cad.onshape.com/FsDoc/imports.html
2026-02-27 20:53:51,050 - INFO - Indexed 19 chunks from https://cad.onshape.com/FsDoc/imports.html
2026-02-27 20:53:51,050 - INFO - Ingesting FeatureScript: https://cad.onshape.com/FsDoc/index.html
2026-02-27 20:53:51,187 - INFO - Indexed 3 chunks from https://cad.onshape.com/FsDoc/index.html
2026-02-27 20:53:51,187 - INFO - Ingesting FeatureScript: https://cad.onshape.com/FsDoc/intro.html
2026-02-27 20:53:51,405 - INFO - Indexed 5 chunks from https://cad.onshape.com/FsDoc/intro.html
2026-02-27 20:53:51,405 - INFO - Ingesting FeatureScript: https://cad.onshape.com/FsDoc/library.html
2026-02-27 20:53:53,163 - WARNING - discarding data: None
2026-02-27 20:53:53,192 - ERROR - Failed to extract content from https://cad.onshape.com/FsDoc/library.html
2026-02-27 20:53:53,197 - INFO - Ingesting FeatureScript: https://cad.onshape.com/FsDoc/modeling.html
2026-02-27 20:53:54,061 - INFO - Indexed 8 chunks from https://cad.onshape.com/FsDoc/modeling.html
2026-02-27 20:53:54,061 - INFO - Ingesting FeatureScript: https://cad.onshape.com/FsDoc/output.html
2026-02-27 20:53:54,286 - INFO - Indexed 7 chunks from https://cad.onshape.com/FsDoc/output.html
2026-02-27 20:53:54,287 - INFO - Ingesting FeatureScript: https://cad.onshape.com/FsDoc/relational.html
2026-02-27 20:53:55,971 - INFO - Indexed 3 chunks from https://cad.onshape.com/FsDoc/relational.html
2026-02-27 20:53:55,971 - INFO - Ingesting FeatureScript: https://cad.onshape.com/FsDoc/syntax.html
2026-02-27 20:53:56,225 - INFO - Indexed 11 chunks from https://cad.onshape.com/FsDoc/syntax.html
2026-02-27 20:53:56,225 - INFO - Ingesting FeatureScript: https://cad.onshape.com/FsDoc/tables.html
2026-02-27 20:53:56,637 - INFO - Indexed 6 chunks from https://cad.onshape.com/FsDoc/tables.html
2026-02-27 20:53:56,637 - INFO - Ingesting FeatureScript: https://cad.onshape.com/FsDoc/tokens.html
2026-02-27 20:53:56,803 - INFO - Indexed 3 chunks from https://cad.onshape.com/FsDoc/tokens.html
2026-02-27 20:53:56,803 - INFO - Ingesting FeatureScript: https://cad.onshape.com/FsDoc/top-level.html
2026-02-27 20:53:57,100 - INFO - Indexed 11 chunks from https://cad.onshape.com/FsDoc/top-level.html
2026-02-27 20:53:57,100 - INFO - Ingesting FeatureScript: https://cad.onshape.com/FsDoc/tutorials/create-a-slot-feature.html
2026-02-27 20:53:57,771 - INFO - Indexed 38 chunks from https://cad.onshape.com/FsDoc/tutorials/create-a-slot-feature.html
2026-02-27 20:53:57,771 - INFO - Ingesting FeatureScript: https://cad.onshape.com/FsDoc/type-tags.html
2026-02-27 20:53:58,179 - INFO - Indexed 16 chunks from https://cad.onshape.com/FsDoc/type-tags.html
2026-02-27 20:53:58,179 - INFO - Ingesting FeatureScript: https://cad.onshape.com/FsDoc/uispec.html
2026-02-27 20:53:58,970 - INFO - Indexed 35 chunks from https://cad.onshape.com/FsDoc/uispec.html
2026-02-27 20:53:58,970 - INFO - Ingesting FeatureScript: https://cad.onshape.com/FsDoc/variables.html
2026-02-27 20:53:59,351 - INFO - Indexed 15 chunks from https://cad.onshape.com/FsDoc/variables.html
2026-02-27 20:53:59,351 - INFO - Ingesting FeatureScript: https://cad.onshape.com/FsDoc/
2026-02-27 20:53:59,491 - INFO - Indexed 3 chunks from https://cad.onshape.com/FsDoc/
2026-02-27 20:53:59,491 - INFO - Ingesting API: https://onshape-public.github.io/docs/
2026-02-27 20:53:59,663 - INFO - Indexed 1 chunks from https://onshape-public.github.io/docs/
2026-02-27 20:53:59,663 - INFO - Ingesting API: https://onshape-public.github.io/docs/api-adv/
2026-02-27 20:53:59,931 - WARNING - discarding data: None
2026-02-27 20:53:59,931 - ERROR - Failed to extract content from https://onshape-public.github.io/docs/api-adv/
2026-02-27 20:53:59,931 - INFO - Ingesting API: https://onshape-public.github.io/docs/api-adv/assemblies/
2026-02-27 20:54:00,359 - INFO - Indexed 20 chunks from https://onshape-public.github.io/docs/api-adv/assemblies/
2026-02-27 20:54:00,359 - INFO - Ingesting API: https://onshape-public.github.io/docs/api-adv/associativity/
2026-02-27 20:54:00,555 - INFO - Indexed 4 chunks from https://onshape-public.github.io/docs/api-adv/associativity/
2026-02-27 20:54:00,556 - INFO - Ingesting API: https://onshape-public.github.io/docs/api-adv/billing/
2026-02-27 20:54:00,799 - INFO - Indexed 8 chunks from https://onshape-public.github.io/docs/api-adv/billing/
2026-02-27 20:54:00,800 - INFO - Ingesting API: https://onshape-public.github.io/docs/api-adv/configs/
2026-02-27 20:54:01,304 - INFO - Indexed 20 chunks from https://onshape-public.github.io/docs/api-adv/configs/
2026-02-27 20:54:01,304 - INFO - Ingesting API: https://onshape-public.github.io/docs/api-adv/documents/
2026-02-27 20:54:01,736 - INFO - Indexed 15 chunks from https://onshape-public.github.io/docs/api-adv/documents/
2026-02-27 20:54:01,736 - INFO - Ingesting API: https://onshape-public.github.io/docs/api-adv/drawings/
2026-02-27 20:54:04,078 - INFO - Indexed 96 chunks from https://onshape-public.github.io/docs/api-adv/drawings/
2026-02-27 20:54:04,078 - INFO - Ingesting API: https://onshape-public.github.io/docs/api-adv/errors/
2026-02-27 20:54:04,321 - INFO - Indexed 7 chunks from https://onshape-public.github.io/docs/api-adv/errors/
2026-02-27 20:54:04,321 - INFO - Ingesting API: https://onshape-public.github.io/docs/api-adv/featureaccess/
2026-02-27 20:54:04,923 - INFO - Indexed 33 chunks from https://onshape-public.github.io/docs/api-adv/featureaccess/
2026-02-27 20:54:04,923 - INFO - Ingesting API: https://onshape-public.github.io/docs/api-adv/fs/
2026-02-27 20:54:05,117 - INFO - Indexed 4 chunks from https://onshape-public.github.io/docs/api-adv/fs/
2026-02-27 20:54:05,117 - INFO - Ingesting API: https://onshape-public.github.io/docs/api-adv/metadata/
2026-02-27 20:54:05,527 - INFO - Indexed 15 chunks from https://onshape-public.github.io/docs/api-adv/metadata/
2026-02-27 20:54:05,527 - INFO - Ingesting API: https://onshape-public.github.io/docs/api-adv/partstudios/
2026-02-27 20:54:06,165 - INFO - Indexed 25 chunks from https://onshape-public.github.io/docs/api-adv/partstudios/
2026-02-27 20:54:06,165 - INFO - Ingesting API: https://onshape-public.github.io/docs/api-adv/relmgmt/
2026-02-27 20:54:06,574 - INFO - Indexed 8 chunks from https://onshape-public.github.io/docs/api-adv/relmgmt/
2026-02-27 20:54:06,575 - INFO - Ingesting API: https://onshape-public.github.io/docs/api-adv/translation/
2026-02-27 20:54:07,473 - INFO - Indexed 43 chunks from https://onshape-public.github.io/docs/api-adv/translation/
2026-02-27 20:54:07,473 - INFO - Ingesting API: https://onshape-public.github.io/docs/api-intro/
2026-02-27 20:54:07,751 - INFO - Indexed 12 chunks from https://onshape-public.github.io/docs/api-intro/
2026-02-27 20:54:07,751 - INFO - Ingesting API: https://onshape-public.github.io/docs/api-intro/architecture
2026-02-27 20:54:07,805 - INFO - Redirecting https://onshape-public.github.io/docs/api-intro/architecture -> https://onshape-public.github.io/docs/api-intro/architecture/
2026-02-27 20:54:08,053 - INFO - Indexed 12 chunks from https://onshape-public.github.io/docs/api-intro/architecture
2026-02-27 20:54:08,053 - INFO - Ingesting API: https://onshape-public.github.io/docs/api-intro/architecture/
2026-02-27 20:54:08,298 - INFO - Indexed 12 chunks from https://onshape-public.github.io/docs/api-intro/architecture/
2026-02-27 20:54:08,298 - INFO - Ingesting API: https://onshape-public.github.io/docs/api-intro/explorer/
2026-02-27 20:54:08,561 - INFO - Indexed 8 chunks from https://onshape-public.github.io/docs/api-intro/explorer/
2026-02-27 20:54:08,561 - INFO - Ingesting API: https://onshape-public.github.io/docs/api-intro/quickstart
2026-02-27 20:54:08,625 - INFO - Redirecting https://onshape-public.github.io/docs/api-intro/quickstart -> https://onshape-public.github.io/docs/api-intro/quickstart/
2026-02-27 20:54:08,864 - INFO - Indexed 6 chunks from https://onshape-public.github.io/docs/api-intro/quickstart
2026-02-27 20:54:08,864 - INFO - Ingesting API: https://onshape-public.github.io/docs/api-intro/quickstart/
2026-02-27 20:54:09,085 - INFO - Indexed 6 chunks from https://onshape-public.github.io/docs/api-intro/quickstart/
2026-02-27 20:54:09,086 - INFO - Ingesting API: https://onshape-public.github.io/docs/api-intro/whyonshape/
2026-02-27 20:54:10,062 - INFO - Indexed 24 chunks from https://onshape-public.github.io/docs/api-intro/whyonshape/
2026-02-27 20:54:10,062 - INFO - Ingesting API: https://onshape-public.github.io/docs/app-dev/
2026-02-27 20:54:10,273 - INFO - Indexed 7 chunks from https://onshape-public.github.io/docs/app-dev/
2026-02-27 20:54:10,273 - INFO - Ingesting API: https://onshape-public.github.io/docs/app-dev/clientmessaging/
2026-02-27 20:54:10,947 - INFO - Indexed 26 chunks from https://onshape-public.github.io/docs/app-dev/clientmessaging/
2026-02-27 20:54:10,947 - INFO - Ingesting API: https://onshape-public.github.io/docs/app-dev/extensions/
2026-02-27 20:54:11,302 - INFO - Indexed 16 chunks from https://onshape-public.github.io/docs/app-dev/extensions/
2026-02-27 20:54:11,302 - INFO - Ingesting API: https://onshape-public.github.io/docs/app-dev/structuredstorage/
2026-02-27 20:54:11,613 - INFO - Indexed 12 chunks from https://onshape-public.github.io/docs/app-dev/structuredstorage/
2026-02-27 20:54:11,613 - INFO - Ingesting API: https://onshape-public.github.io/docs/app-dev/webhook/
2026-02-27 20:54:12,094 - INFO - Indexed 23 chunks from https://onshape-public.github.io/docs/app-dev/webhook/
2026-02-27 20:54:12,094 - INFO - Ingesting API: https://onshape-public.github.io/docs/app-store
2026-02-27 20:54:12,165 - INFO - Redirecting https://onshape-public.github.io/docs/app-store -> https://onshape-public.github.io/docs/app-store/
2026-02-27 20:54:12,432 - INFO - Indexed 2 chunks from https://onshape-public.github.io/docs/app-store
2026-02-27 20:54:12,432 - INFO - Ingesting API: https://onshape-public.github.io/docs/app-store/
2026-02-27 20:54:12,531 - INFO - Indexed 2 chunks from https://onshape-public.github.io/docs/app-store/
2026-02-27 20:54:12,531 - INFO - Ingesting API: https://onshape-public.github.io/docs/app-store/checklist/
2026-02-27 20:54:12,761 - INFO - Indexed 8 chunks from https://onshape-public.github.io/docs/app-store/checklist/
2026-02-27 20:54:12,762 - INFO - Ingesting API: https://onshape-public.github.io/docs/app-store/quality/
2026-02-27 20:54:12,952 - INFO - Indexed 4 chunks from https://onshape-public.github.io/docs/app-store/quality/
2026-02-27 20:54:12,952 - INFO - Ingesting API: https://onshape-public.github.io/docs/app-store/testingguidelines/
2026-02-27 20:54:13,180 - INFO - Indexed 7 chunks from https://onshape-public.github.io/docs/app-store/testingguidelines/
2026-02-27 20:54:13,180 - INFO - Ingesting API: https://onshape-public.github.io/docs/auth/
2026-02-27 20:54:13,334 - INFO - Indexed 2 chunks from https://onshape-public.github.io/docs/auth/
2026-02-27 20:54:13,334 - INFO - Ingesting API: https://onshape-public.github.io/docs/auth/apikeys/
2026-02-27 20:54:13,675 - INFO - Indexed 11 chunks from https://onshape-public.github.io/docs/auth/apikeys/
2026-02-27 20:54:13,675 - INFO - Ingesting API: https://onshape-public.github.io/docs/auth/limits/
2026-02-27 20:54:13,868 - INFO - Indexed 5 chunks from https://onshape-public.github.io/docs/auth/limits/
2026-02-27 20:54:13,868 - INFO - Ingesting API: https://onshape-public.github.io/docs/auth/oauth/
2026-02-27 20:54:14,663 - INFO - Indexed 41 chunks from https://onshape-public.github.io/docs/auth/oauth/
2026-02-27 20:54:14,664 - INFO - Ingesting API: https://onshape-public.github.io/docs/changelog/
2026-02-27 20:54:15,232 - INFO - Indexed 22 chunks from https://onshape-public.github.io/docs/changelog/
2026-02-27 20:54:15,232 - INFO - Ingesting API: https://onshape-public.github.io/docs/help
2026-02-27 20:54:15,291 - INFO - Redirecting https://onshape-public.github.io/docs/help -> https://onshape-public.github.io/docs/help/
2026-02-27 20:54:15,499 - INFO - Indexed 5 chunks from https://onshape-public.github.io/docs/help
2026-02-27 20:54:15,499 - INFO - Ingesting API: https://onshape-public.github.io/docs/help/
2026-02-27 20:54:15,660 - INFO - Indexed 5 chunks from https://onshape-public.github.io/docs/help/
2026-02-27 20:54:15,660 - INFO - Ingesting API: https://onshape-public.github.io/docs/tutorials/
2026-02-27 20:54:15,812 - INFO - Indexed 2 chunks from https://onshape-public.github.io/docs/tutorials/
2026-02-27 20:54:15,812 - INFO - Ingesting API: https://onshape-public.github.io/docs/tutorials/createextension/
2026-02-27 20:54:16,032 - INFO - Indexed 5 chunks from https://onshape-public.github.io/docs/tutorials/createextension/
2026-02-27 20:54:16,032 - INFO - Ingesting API: https://onshape-public.github.io/docs/tutorials/derivative/
2026-02-27 20:54:16,337 - INFO - Indexed 14 chunks from https://onshape-public.github.io/docs/tutorials/derivative/
2026-02-27 20:54:16,337 - INFO - Ingesting API: https://onshape-public.github.io/docs/tutorials/gltf/
2026-02-27 20:54:16,454 - INFO - Indexed 1 chunks from https://onshape-public.github.io/docs/tutorials/gltf/
2026-02-27 20:54:16,454 - INFO - Ingesting API: https://onshape-public.github.io/docs/tutorials/releases/
2026-02-27 20:54:16,882 - INFO - Indexed 18 chunks from https://onshape-public.github.io/docs/tutorials/releases/
2026-02-27 20:54:16,882 - INFO - Ingesting API: https://onshape-public.github.io/docs/tutorials/sync/
2026-02-27 20:54:17,572 - INFO - Indexed 34 chunks from https://onshape-public.github.io/docs/tutorials/sync/
2026-02-27 20:54:17,572 - INFO - Ingesting API: https://onshape-public.github.io/docs/
2026-02-27 20:54:17,573 - INFO - Skipped: https://onshape-public.github.io/docs/ already indexed.
2026-02-27 20:54:17,573 - INFO - Finished ingestion. Successfully indexed 64 new pages.
